[+] Containers:
 |- [+] Container: /Game/FirstPerson/Maps/FirstPersonMap
 |   |- [+] ActorDescs:
 |   |   |- Guid:03DEB6C1415AC434E2EB08970BE939BA BaseClass: NativeClass:/Script/Engine.StaticMeshActor Name:StaticMeshActor_UAID_D0C637B53613179901_1100693780 Label:S_Modular_Brick_Stair_xdjmeaidw_lod3_Var4 SpatiallyLoaded:1 Bounds:IsValid=true, Min=(X=1480.089 Y=816.608 Z=213.543), Max=(X=1583.267 Y=943.058 Z=294.071) RuntimeGrid:None EditorOnly:0 RuntimeOnly:0 HLODRelevant:1
 |   |   |- Guid:04ACC012436FCF6622B6FAA5B402E706 BaseClass: NativeClass:/Script/Landscape.LandscapeStreamingProxy Name:LandscapeStreamingProxy_4I2U9NW89LYD1IX6LKWCDN08M_126_2_0_0 Label:LandscapeStreamingProxy_2_0_0 SpatiallyLoaded:1 Bounds:IsValid=true, Min=(X=24490.000 Y=-25200.000 Z=-90.000), Max=(X=37090.000 Y=-12600.000 Z=110.000) RuntimeGrid:None EditorOnly:0 RuntimeOnly:0 HLODRelevant:1
 |   |   |- Guid:04D7F2A84EEBDDE648EF1EA2FDC9768E BaseClass: NativeClass:/Script/Engine.StaticMeshActor Name:StaticMeshActor_UAID_D0C637B53613179901_1230207785 Label:S_Modular_Brick_Stair_xdjmeaidw_lod3_Var9 SpatiallyLoaded:1 Bounds:IsValid=true, Min=(X=1980.089 Y=816.608 Z=563.543), Max=(X=2083.267 Y=943.058 Z=644.071) RuntimeGrid:None EditorOnly:0 RuntimeOnly:0 HLODRelevant:1
 |   |   |- Guid:09C82179414C37873E07FB95155AD4C5 BaseClass: NativeClass:/Script/Landscape.LandscapeStreamingProxy Name:LandscapeStreamingProxy_4I2U9NW89LYD1IX6LKWCDN08M_126_2_1_0 Label:LandscapeStreamingProxy_2_1_0 SpatiallyLoaded:1 Bounds:IsValid=true, Min=(X=24490.000 Y=-12600.000 Z=-90.000), Max=(X=37090.000 Y=0.000 Z=110.000) RuntimeGrid:None EditorOnly:0 RuntimeOnly:0 HLODRelevant:1
 |   |   |- Guid:1F76BE8C4D4D42BAA69DA69BBDF4EAD1 BaseClass: NativeClass:/Script/Engine.StaticMeshActor Name:StaticMeshActor_UAID_D0C637B53613179901_1179216784 Label:S_Modular_Brick_Stair_xdjmeaidw_lod3_Var8 SpatiallyLoaded:1 Bounds:IsValid=true, Min=(X=1880.089 Y=816.608 Z=493.543), Max=(X=1983.267 Y=943.058 Z=574.071) RuntimeGrid:None EditorOnly:0 RuntimeOnly:0 HLODRelevant:1
 |   |   |- Guid:2225D1E74CF173C014EF3583BEB9CA41 BaseClass: NativeClass:/Script/Landscape.LandscapeStreamingProxy Name:LandscapeStreamingProxy_4I2U9NW89LYD1IX6LKWCDN08M_126_0_0_0 Label:LandscapeStreamingProxy_0_0_0 SpatiallyLoaded:1 Bounds:IsValid=true, Min=(X=-710.000 Y=-25200.000 Z=-90.000), Max=(X=11890.000 Y=-12600.000 Z=110.000) RuntimeGrid:None EditorOnly:0 RuntimeOnly:0 HLODRelevant:1
 |   |   |- Guid:3161C3604D0AD1097DA5E1BD36903573 BaseClass: NativeClass:/Script/Engine.StaticMeshActor Name:StaticMeshActor_UAID_D0C637B53613169901_2043614601 Label:S_Modular_Brick_Stair_xdjmeaidw_lod3_Var1 SpatiallyLoaded:1 Bounds:IsValid=true, Min=(X=1180.089 Y=816.608 Z=3.543), Max=(X=1283.267 Y=943.058 Z=84.071) RuntimeGrid:None EditorOnly:0 RuntimeOnly:0 HLODRelevant:1
 |   |   |- Guid:373F5B444048A6AF7981CABBA9BD6333 BaseClass: NativeClass:/Script/Landscape.LandscapeStreamingProxy Name:LandscapeStreamingProxy_4I2U9NW89LYD1IX6LKWCDN08M_126_1_3_0 Label:LandscapeStreamingProxy_1_3_0 SpatiallyLoaded:1 Bounds:IsValid=true, Min=(X=11890.000 Y=12600.000 Z=-90.000), Max=(X=24490.000 Y=25200.000 Z=110.000) RuntimeGrid:None EditorOnly:0 RuntimeOnly:0 HLODRelevant:1
 |   |   |- Guid:393479D64BDE1A320F471D96D5A342CF BaseClass: NativeClass:/Script/Landscape.LandscapeStreamingProxy Name:LandscapeStreamingProxy_4I2U9NW89LYD1IX6LKWCDN08M_126_1_1_0 Label:LandscapeStreamingProxy_1_1_0 SpatiallyLoaded:1 Bounds:IsValid=true, Min=(X=11890.000 Y=-12600.000 Z=-90.000), Max=(X=24490.000 Y=0.000 Z=110.000) RuntimeGrid:None EditorOnly:0 RuntimeOnly:0 HLODRelevant:1
 |   |   |- Guid:4082BC834995A6BD194E828B825674F9 BaseClass: NativeClass:/Script/Landscape.Landscape Name:Landscape_UAID_D0C637B53613169901_1671173600 Label:Landscape SpatiallyLoaded:0 Bounds:IsValid=true, Min=(X=-710.000 Y=-25200.000 Z=10.000), Max=(X=-710.000 Y=-25200.000 Z=10.000) RuntimeGrid:None EditorOnly:0 RuntimeOnly:0 HLODRelevant:0
 |   |   |- Guid:4E9D68D64C502B56D9D268BE98BD893A BaseClass: NativeClass:/Script/Engine.StaticMeshActor Name:StaticMeshActor_UAID_D0C637B53613169901_2113260602 Label:S_Modular_Brick_Stair_xdjmeaidw_lod3_Var2 SpatiallyLoaded:1 Bounds:IsValid=true, Min=(X=1280.089 Y=816.608 Z=73.543), Max=(X=1383.267 Y=943.058 Z=154.071) RuntimeGrid:None EditorOnly:0 RuntimeOnly:0 HLODRelevant:1
 |   |   |- Guid:50EDC41846A037816DC3B0A522AB60B9 BaseClass: NativeClass:/Script/Landscape.LandscapeStreamingProxy Name:LandscapeStreamingProxy_4I2U9NW89LYD1IX6LKWCDN08M_126_0_1_0 Label:LandscapeStreamingProxy_0_1_0 SpatiallyLoaded:1 Bounds:IsValid=true, Min=(X=-710.000 Y=-12600.000 Z=-90.000), Max=(X=11890.000 Y=0.000 Z=110.000) RuntimeGrid:None EditorOnly:0 RuntimeOnly:0 HLODRelevant:1
 |   |   |- Guid:5B0ABDEF4A4187D0B942B1BC994E6108 BaseClass: NativeClass:/Script/Landscape.LandscapeStreamingProxy Name:LandscapeStreamingProxy_4I2U9NW89LYD1IX6LKWCDN08M_126_1_0_0 Label:LandscapeStreamingProxy_1_0_0 SpatiallyLoaded:1 Bounds:IsValid=true, Min=(X=11890.000 Y=-25200.000 Z=-90.000), Max=(X=24490.000 Y=-12600.000 Z=110.000) RuntimeGrid:None EditorOnly:0 RuntimeOnly:0 HLODRelevant:1
 |   |   |- Guid:5CDD34D441CC246B10A1E38E3B795F07 BaseClass: NativeClass:/Script/Landscape.LandscapeStreamingProxy Name:LandscapeStreamingProxy_4I2U9NW89LYD1IX6LKWCDN08M_126_0_3_0 Label:LandscapeStreamingProxy_0_3_0 SpatiallyLoaded:1 Bounds:IsValid=true, Min=(X=-710.000 Y=12600.000 Z=-90.000), Max=(X=11890.000 Y=25200.000 Z=110.000) RuntimeGrid:None EditorOnly:0 RuntimeOnly:0 HLODRelevant:1
 |   |   |- Guid:5E14868F4091E33AD868A79421CE126F BaseClass: NativeClass:/Script/Engine.StaticMeshActor Name:StaticMeshActor_UAID_D0C637B53613179901_1325291788 Label:S_Modular_Brick_Stair_xdjmeaidw_lod3_Var12 SpatiallyLoaded:1 Bounds:IsValid=true, Min=(X=2280.089 Y=816.608 Z=773.543), Max=(X=2383.267 Y=943.058 Z=854.071) RuntimeGrid:None EditorOnly:0 RuntimeOnly:0 HLODRelevant:1
 |   |   |- Guid:5FE7584649BB6F09265329A6C57CFD0D BaseClass: NativeClass:/Script/Engine.VolumetricCloud Name:VolumetricCloud_0 Label:VolumetricCloud SpatiallyLoaded:0 Bounds:IsValid=true, Min=(X=0.000 Y=0.000 Z=820.000), Max=(X=0.000 Y=0.000 Z=820.000) RuntimeGrid:None EditorOnly:0 RuntimeOnly:0 HLODRelevant:0 FolderPath:Lighting FolderGuid:0BA5F0A04EADB18E70D5B180D08FA34B
 |   |   |- Guid:61391D344900612A77DFC3BA3E354907 BaseClass: NativeClass:/Script/Engine.ExponentialHeightFog Name:ExponentialHeightFog_0 Label:ExponentialHeightFog SpatiallyLoaded:0 Bounds:IsValid=true, Min=(X=-5600.000 Y=-50.000 Z=-6850.000), Max=(X=-5600.000 Y=-50.000 Z=-6850.000) RuntimeGrid:None EditorOnly:0 RuntimeOnly:0 HLODRelevant:0 FolderPath:Lighting FolderGuid:0BA5F0A04EADB18E70D5B180D08FA34B
 |   |   |- Guid:668387C04796A10628BD6E9CBE29F9B4 BaseClass: NativeClass:/Script/Landscape.LandscapeStreamingProxy Name:LandscapeStreamingProxy_4I2U9NW89LYD1IX6LKWCDN08M_126_0_2_0 Label:LandscapeStreamingProxy_0_2_0 SpatiallyLoaded:1 Bounds:IsValid=true, Min=(X=-710.000 Y=0.000 Z=-90.000), Max=(X=11890.000 Y=12600.000 Z=110.000) RuntimeGrid:None EditorOnly:0 RuntimeOnly:0 HLODRelevant:1
 |   |   |- Guid:6FEFB3BD4EB37B849EF0D4AC80F83855 BaseClass: NativeClass:/Script/Engine.WorldDataLayers Name:WorldDataLayers Label:WorldDataLayers SpatiallyLoaded:0 Bounds:IsValid=true, Min=(X=0.000 Y=0.000 Z=0.000), Max=(X=0.000 Y=0.000 Z=0.000) RuntimeGrid:None EditorOnly:0 RuntimeOnly:0 HLODRelevant:0
 |   |   |- Guid:80CCC2DA45FA5F46D800F99233BBFE02 BaseClass: NativeClass:/Script/Landscape.LandscapeStreamingProxy Name:LandscapeStreamingProxy_4I2U9NW89LYD1IX6LKWCDN08M_126_3_0_0 Label:LandscapeStreamingProxy_3_0_0 SpatiallyLoaded:1 Bounds:IsValid=true, Min=(X=37090.000 Y=-25200.000 Z=-90.000), Max=(X=49690.000 Y=-12600.000 Z=110.000) RuntimeGrid:None EditorOnly:0 RuntimeOnly:0 HLODRelevant:1
 |   |   |- Guid:8321DF964A82845DF111C5B475166303 BaseClass: NativeClass:/Script/Engine.StaticMeshActor Name:StaticMeshActor_UAID_D0C637B53613179901_1152783782 Label:S_Modular_Brick_Stair_xdjmeaidw_lod3_Var6 SpatiallyLoaded:1 Bounds:IsValid=true, Min=(X=1680.089 Y=816.608 Z=353.543), Max=(X=1783.267 Y=943.058 Z=434.071) RuntimeGrid:None EditorOnly:0 RuntimeOnly:0 HLODRelevant:1
 |   |   |- Guid:87A0C0D5460DBA74C91FD1ACFF0CE160 BaseClass: NativeClass:/Script/Landscape.LandscapeStreamingProxy Name:LandscapeStreamingProxy_4I2U9NW89LYD1IX6LKWCDN08M_126_3_1_0 Label:LandscapeStreamingProxy_3_1_0 SpatiallyLoaded:1 Bounds:IsValid=true, Min=(X=37090.000 Y=-12600.000 Z=-90.000), Max=(X=49690.000 Y=0.000 Z=110.000) RuntimeGrid:None EditorOnly:0 RuntimeOnly:0 HLODRelevant:1
 |   |   |- Guid:8DE71436486983BE349616AE05C31B67 BaseClass: NativeClass:/Script/Landscape.LandscapeStreamingProxy Name:LandscapeStreamingProxy_4I2U9NW89LYD1IX6LKWCDN08M_126_3_3_0 Label:LandscapeStreamingProxy_3_3_0 SpatiallyLoaded:1 Bounds:IsValid=true, Min=(X=37090.000 Y=12600.000 Z=-90.000), Max=(X=49690.000 Y=25200.000 Z=110.000) RuntimeGrid:None EditorOnly:0 RuntimeOnly:0 HLODRelevant:1
 |   |   |- Guid:9D857F9A4114B0F17B2F7BAEEF46446D BaseClass: NativeClass:/Script/Landscape.LandscapeStreamingProxy Name:LandscapeStreamingProxy_4I2U9NW89LYD1IX6LKWCDN08M_126_3_2_0 Label:LandscapeStreamingProxy_3_2_0 SpatiallyLoaded:1 Bounds:IsValid=true, Min=(X=37090.000 Y=0.000 Z=-90.000), Max=(X=49690.000 Y=12600.000 Z=110.000) RuntimeGrid:None EditorOnly:0 RuntimeOnly:0 HLODRelevant:1
 |   |   |- Guid:9EA20FB4484D69FC31A0C1B3BFD01B7E BaseClass: NativeClass:/Script/Engine.StaticMeshActor Name:StaticMeshActor_UAID_D0C637B53613179901_1172860783 Label:S_Modular_Brick_Stair_xdjmeaidw_lod3_Var7 SpatiallyLoaded:1 Bounds:IsValid=true, Min=(X=1780.089 Y=816.608 Z=423.543), Max=(X=1883.267 Y=943.058 Z=504.071) RuntimeGrid:None EditorOnly:0 RuntimeOnly:0 HLODRelevant:1
 |   |   |- Guid:A354B1B24E617A525DC6B48CCDE2417E BaseClass: NativeClass:/Script/Engine.PlayerStart Name:PlayerStart_0 Label:PlayerStart SpatiallyLoaded:0 Bounds:IsValid=true, Min=(X=860.000 Y=840.000 Z=10.013), Max=(X=940.000 Y=920.000 Z=194.013) RuntimeGrid:None EditorOnly:0 RuntimeOnly:0 HLODRelevant:0
 |   |   |- Guid:BFB3DA84428E5A70E23426AE344664F9 BaseClass: NativeClass:/Script/Landscape.LandscapeStreamingProxy Name:LandscapeStreamingProxy_4I2U9NW89LYD1IX6LKWCDN08M_126_1_2_0 Label:LandscapeStreamingProxy_1_2_0 SpatiallyLoaded:1 Bounds:IsValid=true, Min=(X=11890.000 Y=0.000 Z=-90.000), Max=(X=24490.000 Y=12600.000 Z=110.000) RuntimeGrid:None EditorOnly:0 RuntimeOnly:0 HLODRelevant:1
 |   |   |- Guid:C0C56B9644AE3D40CAFF6A878DB29844 BaseClass: NativeClass:/Script/Engine.StaticMeshActor Name:StaticMeshActor_UAID_A4AE111137DC5EFB00_2001720423 Label:SM_SkySphere SpatiallyLoaded:0 Bounds:IsValid=true, Min=(X=-1638400.000 Y=-1638400.000 Z=-1638400.000), Max=(X=1638400.000 Y=1638400.000 Z=1638400.000) RuntimeGrid:None EditorOnly:0 RuntimeOnly:0 HLODRelevant:1 FolderPath:Lighting FolderGuid:0BA5F0A04EADB18E70D5B180D08FA34B
 |   |   |- Guid:C22CE07C4B87D685137FDBBC10FC92C6 BaseClass: NativeClass:/Script/Engine.SkyAtmosphere Name:SkyAtmosphere_0 Label:SkyAtmosphere SpatiallyLoaded:0 Bounds:IsValid=true, Min=(X=0.000 Y=0.000 Z=1020.000), Max=(X=0.000 Y=0.000 Z=1020.000) RuntimeGrid:None EditorOnly:0 RuntimeOnly:0 HLODRelevant:0 FolderPath:Lighting FolderGuid:0BA5F0A04EADB18E70D5B180D08FA34B
 |   |   |- Guid:C7E7FAA24ECA7ED4047A688CFEF1872A BaseClass: NativeClass:/Script/Engine.StaticMeshActor Name:StaticMeshActor_UAID_D0C637B53613179901_1081594779 Label:S_Modular_Brick_Stair_xdjmeaidw_lod3_Var3 SpatiallyLoaded:1 Bounds:IsValid=true, Min=(X=1380.089 Y=816.608 Z=143.543), Max=(X=1483.267 Y=943.058 Z=224.071) RuntimeGrid:None EditorOnly:0 RuntimeOnly:0 HLODRelevant:1
 |   |   |- Guid:CE8D82634660FCDB3120E2B8D547C533 BaseClass: NativeClass:/Script/Engine.PostProcessVolume Name:PostProcessVolume_0 Label:PostProcessVolume SpatiallyLoaded:0 Bounds:IsValid=true, Min=(X=0.000 Y=0.000 Z=400.000), Max=(X=200.000 Y=200.000 Z=600.000) RuntimeGrid:None EditorOnly:0 RuntimeOnly:0 HLODRelevant:0 FolderPath:Lighting FolderGuid:0BA5F0A04EADB18E70D5B180D08FA34B
 |   |   |- Guid:D13353B4484D7D686DA1D18F18F4B7F4 BaseClass: NativeClass:/Script/Engine.StaticMeshActor Name:StaticMeshActor_UAID_D0C637B53613179901_1330047789 Label:S_Modular_Brick_Stair_xdjmeaidw_lod3_Var13 SpatiallyLoaded:1 Bounds:IsValid=true, Min=(X=2380.089 Y=816.608 Z=843.543), Max=(X=2483.267 Y=943.058 Z=924.071) RuntimeGrid:None EditorOnly:0 RuntimeOnly:0 HLODRelevant:1
 |   |   |- Guid:D2D4470A43099835BE1B5A9BF188857F BaseClass: NativeClass:/Script/Engine.StaticMeshActor Name:StaticMeshActor_UAID_D0C637B53613179901_1343117790 Label:S_Modular_Brick_Stair_xdjmeaidw_lod3_Var14 SpatiallyLoaded:1 Bounds:IsValid=true, Min=(X=2480.089 Y=816.608 Z=913.543), Max=(X=2583.267 Y=943.058 Z=994.071) RuntimeGrid:None EditorOnly:0 RuntimeOnly:0 HLODRelevant:1
 |   |   |- Guid:DB6B82EC494CF730C7CA94A5AA087357 BaseClass: NativeClass:/Script/Landscape.LandscapeStreamingProxy Name:LandscapeStreamingProxy_4I2U9NW89LYD1IX6LKWCDN08M_126_2_3_0 Label:LandscapeStreamingProxy_2_3_0 SpatiallyLoaded:1 Bounds:IsValid=true, Min=(X=24490.000 Y=12600.000 Z=-90.000), Max=(X=37090.000 Y=25200.000 Z=110.000) RuntimeGrid:None EditorOnly:0 RuntimeOnly:0 HLODRelevant:1
 |   |   |- Guid:DCD78E5E475CBA24FEE3EB8DF694B100 BaseClass: NativeClass:/Script/Landscape.LandscapeStreamingProxy Name:LandscapeStreamingProxy_4I2U9NW89LYD1IX6LKWCDN08M_126_2_2_0 Label:LandscapeStreamingProxy_2_2_0 SpatiallyLoaded:1 Bounds:IsValid=true, Min=(X=24490.000 Y=0.000 Z=-90.000), Max=(X=37090.000 Y=12600.000 Z=110.000) RuntimeGrid:None EditorOnly:0 RuntimeOnly:0 HLODRelevant:1
 |   |   |- Guid:E1FFE1EA4E09D3278FFCD08649FC3ABF BaseClass: NativeClass:/Script/Engine.StaticMeshActor Name:StaticMeshActor_UAID_D0C637B53613179901_1302379787 Label:S_Modular_Brick_Stair_xdjmeaidw_lod3_Var11 SpatiallyLoaded:1 Bounds:IsValid=true, Min=(X=2180.089 Y=816.608 Z=703.543), Max=(X=2283.267 Y=943.058 Z=784.071) RuntimeGrid:None EditorOnly:0 RuntimeOnly:0 HLODRelevant:1
 |   |   |- Guid:E463924D40887D07E74378BE49648479 BaseClass: NativeClass:/Script/Engine.StaticMeshActor Name:StaticMeshActor_UAID_D0C637B53613179901_1237683786 Label:S_Modular_Brick_Stair_xdjmeaidw_lod3_Var10 SpatiallyLoaded:1 Bounds:IsValid=true, Min=(X=2080.089 Y=816.608 Z=633.543), Max=(X=2183.267 Y=943.058 Z=714.071) RuntimeGrid:None EditorOnly:0 RuntimeOnly:0 HLODRelevant:1
 |   |   |- Guid:E5320C1B4FD9764CE7B54D8487AEC613 BaseClass: NativeClass:/Script/Engine.SkyLight Name:SkyLight_0 Label:SkyLight SpatiallyLoaded:0 Bounds:IsValid=true, Min=(X=0.000 Y=0.000 Z=690.000), Max=(X=0.000 Y=0.000 Z=690.000) RuntimeGrid:None EditorOnly:0 RuntimeOnly:0 HLODRelevant:0 FolderPath:Lighting FolderGuid:0BA5F0A04EADB18E70D5B180D08FA34B
 |   |   |- Guid:F80621C9446867154938FE81375207DA BaseClass: NativeClass:/Script/Engine.DirectionalLight Name:DirectionalLight_1 Label:DirectionalLight SpatiallyLoaded:0 Bounds:IsValid=true, Min=(X=-1048576.000 Y=-1048576.000 Z=-1048576.000), Max=(X=1048576.000 Y=1048576.000 Z=1048576.000) RuntimeGrid:None EditorOnly:0 RuntimeOnly:0 HLODRelevant:0 FolderPath:Lighting FolderGuid:0BA5F0A04EADB18E70D5B180D08FA34B
 |   |   |- Guid:FE85DC554165CCBB9C232C8A4499B786 BaseClass: NativeClass:/Script/Engine.StaticMeshActor Name:StaticMeshActor_UAID_D0C637B53613179901_1116912781 Label:S_Modular_Brick_Stair_xdjmeaidw_lod3_Var5 SpatiallyLoaded:1 Bounds:IsValid=true, Min=(X=1580.089 Y=816.608 Z=283.543), Max=(X=1683.267 Y=943.058 Z=364.071) RuntimeGrid:None EditorOnly:0 RuntimeOnly:0 HLODRelevant:1
 |   |- [+] Clusters:
 |   |   |- [+] [  0]
 |   |   |   |- Guid:61391D344900612A77DFC3BA3E354907 BaseClass: NativeClass:/Script/Engine.ExponentialHeightFog Name:ExponentialHeightFog_0 Label:ExponentialHeightFog SpatiallyLoaded:0 Bounds:IsValid=true, Min=(X=-5600.000 Y=-50.000 Z=-6850.000), Max=(X=-5600.000 Y=-50.000 Z=-6850.000) RuntimeGrid:None EditorOnly:0 RuntimeOnly:0 HLODRelevant:0 FolderPath:Lighting FolderGuid:0BA5F0A04EADB18E70D5B180D08FA34B
 |   |   |- [+] [  1]
 |   |   |   |- Guid:5FE7584649BB6F09265329A6C57CFD0D BaseClass: NativeClass:/Script/Engine.VolumetricCloud Name:VolumetricCloud_0 Label:VolumetricCloud SpatiallyLoaded:0 Bounds:IsValid=true, Min=(X=0.000 Y=0.000 Z=820.000), Max=(X=0.000 Y=0.000 Z=820.000) RuntimeGrid:None EditorOnly:0 RuntimeOnly:0 HLODRelevant:0 FolderPath:Lighting FolderGuid:0BA5F0A04EADB18E70D5B180D08FA34B
 |   |   |- [+] [  2]
 |   |   |   |- Guid:F80621C9446867154938FE81375207DA BaseClass: NativeClass:/Script/Engine.DirectionalLight Name:DirectionalLight_1 Label:DirectionalLight SpatiallyLoaded:0 Bounds:IsValid=true, Min=(X=-1048576.000 Y=-1048576.000 Z=-1048576.000), Max=(X=1048576.000 Y=1048576.000 Z=1048576.000) RuntimeGrid:None EditorOnly:0 RuntimeOnly:0 HLODRelevant:0 FolderPath:Lighting FolderGuid:0BA5F0A04EADB18E70D5B180D08FA34B
 |   |   |- [+] [  3]
 |   |   |   |- Guid:E5320C1B4FD9764CE7B54D8487AEC613 BaseClass: NativeClass:/Script/Engine.SkyLight Name:SkyLight_0 Label:SkyLight SpatiallyLoaded:0 Bounds:IsValid=true, Min=(X=0.000 Y=0.000 Z=690.000), Max=(X=0.000 Y=0.000 Z=690.000) RuntimeGrid:None EditorOnly:0 RuntimeOnly:0 HLODRelevant:0 FolderPath:Lighting FolderGuid:0BA5F0A04EADB18E70D5B180D08FA34B
 |   |   |- [+] [  4]
 |   |   |   |- Guid:A354B1B24E617A525DC6B48CCDE2417E BaseClass: NativeClass:/Script/Engine.PlayerStart Name:PlayerStart_0 Label:PlayerStart SpatiallyLoaded:0 Bounds:IsValid=true, Min=(X=860.000 Y=840.000 Z=10.013), Max=(X=940.000 Y=920.000 Z=194.013) RuntimeGrid:None EditorOnly:0 RuntimeOnly:0 HLODRelevant:0
 |   |   |- [+] [  5]
 |   |   |   |- Guid:C22CE07C4B87D685137FDBBC10FC92C6 BaseClass: NativeClass:/Script/Engine.SkyAtmosphere Name:SkyAtmosphere_0 Label:SkyAtmosphere SpatiallyLoaded:0 Bounds:IsValid=true, Min=(X=0.000 Y=0.000 Z=1020.000), Max=(X=0.000 Y=0.000 Z=1020.000) RuntimeGrid:None EditorOnly:0 RuntimeOnly:0 HLODRelevant:0 FolderPath:Lighting FolderGuid:0BA5F0A04EADB18E70D5B180D08FA34B
 |   |   |- [+] [  6]
 |   |   |   |- Guid:C0C56B9644AE3D40CAFF6A878DB29844 BaseClass: NativeClass:/Script/Engine.StaticMeshActor Name:StaticMeshActor_UAID_A4AE111137DC5EFB00_2001720423 Label:SM_SkySphere SpatiallyLoaded:0 Bounds:IsValid=true, Min=(X=-1638400.000 Y=-1638400.000 Z=-1638400.000), Max=(X=1638400.000 Y=1638400.000 Z=1638400.000) RuntimeGrid:None EditorOnly:0 RuntimeOnly:0 HLODRelevant:1 FolderPath:Lighting FolderGuid:0BA5F0A04EADB18E70D5B180D08FA34B
 |   |   |- [+] [  7]
 |   |   |   |- Guid:6FEFB3BD4EB37B849EF0D4AC80F83855 BaseClass: NativeClass:/Script/Engine.WorldDataLayers Name:WorldDataLayers Label:WorldDataLayers SpatiallyLoaded:0 Bounds:IsValid=true, Min=(X=0.000 Y=0.000 Z=0.000), Max=(X=0.000 Y=0.000 Z=0.000) RuntimeGrid:None EditorOnly:0 RuntimeOnly:0 HLODRelevant:0
 |   |   |- [+] [  8]
 |   |   |   |- Guid:CE8D82634660FCDB3120E2B8D547C533 BaseClass: NativeClass:/Script/Engine.PostProcessVolume Name:PostProcessVolume_0 Label:PostProcessVolume SpatiallyLoaded:0 Bounds:IsValid=true, Min=(X=0.000 Y=0.000 Z=400.000), Max=(X=200.000 Y=200.000 Z=600.000) RuntimeGrid:None EditorOnly:0 RuntimeOnly:0 HLODRelevant:0 FolderPath:Lighting FolderGuid:0BA5F0A04EADB18E70D5B180D08FA34B
 |   |   |- [+] [  9]
 |   |   |   |- Guid:4082BC834995A6BD194E828B825674F9 BaseClass: NativeClass:/Script/Landscape.Landscape Name:Landscape_UAID_D0C637B53613169901_1671173600 Label:Landscape SpatiallyLoaded:0 Bounds:IsValid=true, Min=(X=-710.000 Y=-25200.000 Z=10.000), Max=(X=-710.000 Y=-25200.000 Z=10.000) RuntimeGrid:None EditorOnly:0 RuntimeOnly:0 HLODRelevant:0
 |   |   |- [+] [ 10]
 |   |   |   |- Guid:2225D1E74CF173C014EF3583BEB9CA41 BaseClass: NativeClass:/Script/Landscape.LandscapeStreamingProxy Name:LandscapeStreamingProxy_4I2U9NW89LYD1IX6LKWCDN08M_126_0_0_0 Label:LandscapeStreamingProxy_0_0_0 SpatiallyLoaded:1 Bounds:IsValid=true, Min=(X=-710.000 Y=-25200.000 Z=-90.000), Max=(X=11890.000 Y=-12600.000 Z=110.000) RuntimeGrid:None EditorOnly:0 RuntimeOnly:0 HLODRelevant:1
 |   |   |- [+] [ 11]
 |   |   |   |- Guid:5B0ABDEF4A4187D0B942B1BC994E6108 BaseClass: NativeClass:/Script/Landscape.LandscapeStreamingProxy Name:LandscapeStreamingProxy_4I2U9NW89LYD1IX6LKWCDN08M_126_1_0_0 Label:LandscapeStreamingProxy_1_0_0 SpatiallyLoaded:1 Bounds:IsValid=true, Min=(X=11890.000 Y=-25200.000 Z=-90.000), Max=(X=24490.000 Y=-12600.000 Z=110.000) RuntimeGrid:None EditorOnly:0 RuntimeOnly:0 HLODRelevant:1
 |   |   |- [+] [ 12]
 |   |   |   |- Guid:04ACC012436FCF6622B6FAA5B402E706 BaseClass: NativeClass:/Script/Landscape.LandscapeStreamingProxy Name:LandscapeStreamingProxy_4I2U9NW89LYD1IX6LKWCDN08M_126_2_0_0 Label:LandscapeStreamingProxy_2_0_0 SpatiallyLoaded:1 Bounds:IsValid=true, Min=(X=24490.000 Y=-25200.000 Z=-90.000), Max=(X=37090.000 Y=-12600.000 Z=110.000) RuntimeGrid:None EditorOnly:0 RuntimeOnly:0 HLODRelevant:1
 |   |   |- [+] [ 13]
 |   |   |   |- Guid:80CCC2DA45FA5F46D800F99233BBFE02 BaseClass: NativeClass:/Script/Landscape.LandscapeStreamingProxy Name:LandscapeStreamingProxy_4I2U9NW89LYD1IX6LKWCDN08M_126_3_0_0 Label:LandscapeStreamingProxy_3_0_0 SpatiallyLoaded:1 Bounds:IsValid=true, Min=(X=37090.000 Y=-25200.000 Z=-90.000), Max=(X=49690.000 Y=-12600.000 Z=110.000) RuntimeGrid:None EditorOnly:0 RuntimeOnly:0 HLODRelevant:1
 |   |   |- [+] [ 14]
 |   |   |   |- Guid:50EDC41846A037816DC3B0A522AB60B9 BaseClass: NativeClass:/Script/Landscape.LandscapeStreamingProxy Name:LandscapeStreamingProxy_4I2U9NW89LYD1IX6LKWCDN08M_126_0_1_0 Label:LandscapeStreamingProxy_0_1_0 SpatiallyLoaded:1 Bounds:IsValid=true, Min=(X=-710.000 Y=-12600.000 Z=-90.000), Max=(X=11890.000 Y=0.000 Z=110.000) RuntimeGrid:None EditorOnly:0 RuntimeOnly:0 HLODRelevant:1
 |   |   |- [+] [ 15]
 |   |   |   |- Guid:393479D64BDE1A320F471D96D5A342CF BaseClass: NativeClass:/Script/Landscape.LandscapeStreamingProxy Name:LandscapeStreamingProxy_4I2U9NW89LYD1IX6LKWCDN08M_126_1_1_0 Label:LandscapeStreamingProxy_1_1_0 SpatiallyLoaded:1 Bounds:IsValid=true, Min=(X=11890.000 Y=-12600.000 Z=-90.000), Max=(X=24490.000 Y=0.000 Z=110.000) RuntimeGrid:None EditorOnly:0 RuntimeOnly:0 HLODRelevant:1
 |   |   |- [+] [ 16]
 |   |   |   |- Guid:09C82179414C37873E07FB95155AD4C5 BaseClass: NativeClass:/Script/Landscape.LandscapeStreamingProxy Name:LandscapeStreamingProxy_4I2U9NW89LYD1IX6LKWCDN08M_126_2_1_0 Label:LandscapeStreamingProxy_2_1_0 SpatiallyLoaded:1 Bounds:IsValid=true, Min=(X=24490.000 Y=-12600.000 Z=-90.000), Max=(X=37090.000 Y=0.000 Z=110.000) RuntimeGrid:None EditorOnly:0 RuntimeOnly:0 HLODRelevant:1
 |   |   |- [+] [ 17]
 |   |   |   |- Guid:87A0C0D5460DBA74C91FD1ACFF0CE160 BaseClass: NativeClass:/Script/Landscape.LandscapeStreamingProxy Name:LandscapeStreamingProxy_4I2U9NW89LYD1IX6LKWCDN08M_126_3_1_0 Label:LandscapeStreamingProxy_3_1_0 SpatiallyLoaded:1 Bounds:IsValid=true, Min=(X=37090.000 Y=-12600.000 Z=-90.000), Max=(X=49690.000 Y=0.000 Z=110.000) RuntimeGrid:None EditorOnly:0 RuntimeOnly:0 HLODRelevant:1
 |   |   |- [+] [ 18]
 |   |   |   |- Guid:668387C04796A10628BD6E9CBE29F9B4 BaseClass: NativeClass:/Script/Landscape.LandscapeStreamingProxy Name:LandscapeStreamingProxy_4I2U9NW89LYD1IX6LKWCDN08M_126_0_2_0 Label:LandscapeStreamingProxy_0_2_0 SpatiallyLoaded:1 Bounds:IsValid=true, Min=(X=-710.000 Y=0.000 Z=-90.000), Max=(X=11890.000 Y=12600.000 Z=110.000) RuntimeGrid:None EditorOnly:0 RuntimeOnly:0 HLODRelevant:1
 |   |   |- [+] [ 19]
 |   |   |   |- Guid:BFB3DA84428E5A70E23426AE344664F9 BaseClass: NativeClass:/Script/Landscape.LandscapeStreamingProxy Name:LandscapeStreamingProxy_4I2U9NW89LYD1IX6LKWCDN08M_126_1_2_0 Label:LandscapeStreamingProxy_1_2_0 SpatiallyLoaded:1 Bounds:IsValid=true, Min=(X=11890.000 Y=0.000 Z=-90.000), Max=(X=24490.000 Y=12600.000 Z=110.000) RuntimeGrid:None EditorOnly:0 RuntimeOnly:0 HLODRelevant:1
 |   |   |- [+] [ 20]
 |   |   |   |- Guid:DCD78E5E475CBA24FEE3EB8DF694B100 BaseClass: NativeClass:/Script/Landscape.LandscapeStreamingProxy Name:LandscapeStreamingProxy_4I2U9NW89LYD1IX6LKWCDN08M_126_2_2_0 Label:LandscapeStreamingProxy_2_2_0 SpatiallyLoaded:1 Bounds:IsValid=true, Min=(X=24490.000 Y=0.000 Z=-90.000), Max=(X=37090.000 Y=12600.000 Z=110.000) RuntimeGrid:None EditorOnly:0 RuntimeOnly:0 HLODRelevant:1
 |   |   |- [+] [ 21]
 |   |   |   |- Guid:9D857F9A4114B0F17B2F7BAEEF46446D BaseClass: NativeClass:/Script/Landscape.LandscapeStreamingProxy Name:LandscapeStreamingProxy_4I2U9NW89LYD1IX6LKWCDN08M_126_3_2_0 Label:LandscapeStreamingProxy_3_2_0 SpatiallyLoaded:1 Bounds:IsValid=true, Min=(X=37090.000 Y=0.000 Z=-90.000), Max=(X=49690.000 Y=12600.000 Z=110.000) RuntimeGrid:None EditorOnly:0 RuntimeOnly:0 HLODRelevant:1
 |   |   |- [+] [ 22]
 |   |   |   |- Guid:5CDD34D441CC246B10A1E38E3B795F07 BaseClass: NativeClass:/Script/Landscape.LandscapeStreamingProxy Name:LandscapeStreamingProxy_4I2U9NW89LYD1IX6LKWCDN08M_126_0_3_0 Label:LandscapeStreamingProxy_0_3_0 SpatiallyLoaded:1 Bounds:IsValid=true, Min=(X=-710.000 Y=12600.000 Z=-90.000), Max=(X=11890.000 Y=25200.000 Z=110.000) RuntimeGrid:None EditorOnly:0 RuntimeOnly:0 HLODRelevant:1
 |   |   |- [+] [ 23]
 |   |   |   |- Guid:373F5B444048A6AF7981CABBA9BD6333 BaseClass: NativeClass:/Script/Landscape.LandscapeStreamingProxy Name:LandscapeStreamingProxy_4I2U9NW89LYD1IX6LKWCDN08M_126_1_3_0 Label:LandscapeStreamingProxy_1_3_0 SpatiallyLoaded:1 Bounds:IsValid=true, Min=(X=11890.000 Y=12600.000 Z=-90.000), Max=(X=24490.000 Y=25200.000 Z=110.000) RuntimeGrid:None EditorOnly:0 RuntimeOnly:0 HLODRelevant:1
 |   |   |- [+] [ 24]
 |   |   |   |- Guid:DB6B82EC494CF730C7CA94A5AA087357 BaseClass: NativeClass:/Script/Landscape.LandscapeStreamingProxy Name:LandscapeStreamingProxy_4I2U9NW89LYD1IX6LKWCDN08M_126_2_3_0 Label:LandscapeStreamingProxy_2_3_0 SpatiallyLoaded:1 Bounds:IsValid=true, Min=(X=24490.000 Y=12600.000 Z=-90.000), Max=(X=37090.000 Y=25200.000 Z=110.000) RuntimeGrid:None EditorOnly:0 RuntimeOnly:0 HLODRelevant:1
 |   |   |- [+] [ 25]
 |   |   |   |- Guid:8DE71436486983BE349616AE05C31B67 BaseClass: NativeClass:/Script/Landscape.LandscapeStreamingProxy Name:LandscapeStreamingProxy_4I2U9NW89LYD1IX6LKWCDN08M_126_3_3_0 Label:LandscapeStreamingProxy_3_3_0 SpatiallyLoaded:1 Bounds:IsValid=true, Min=(X=37090.000 Y=12600.000 Z=-90.000), Max=(X=49690.000 Y=25200.000 Z=110.000) RuntimeGrid:None EditorOnly:0 RuntimeOnly:0 HLODRelevant:1
 |   |   |- [+] [ 26]
 |   |   |   |- Guid:3161C3604D0AD1097DA5E1BD36903573 BaseClass: NativeClass:/Script/Engine.StaticMeshActor Name:StaticMeshActor_UAID_D0C637B53613169901_2043614601 Label:S_Modular_Brick_Stair_xdjmeaidw_lod3_Var1 SpatiallyLoaded:1 Bounds:IsValid=true, Min=(X=1180.089 Y=816.608 Z=3.543), Max=(X=1283.267 Y=943.058 Z=84.071) RuntimeGrid:None EditorOnly:0 RuntimeOnly:0 HLODRelevant:1
 |   |   |- [+] [ 27]
 |   |   |   |- Guid:4E9D68D64C502B56D9D268BE98BD893A BaseClass: NativeClass:/Script/Engine.StaticMeshActor Name:StaticMeshActor_UAID_D0C637B53613169901_2113260602 Label:S_Modular_Brick_Stair_xdjmeaidw_lod3_Var2 SpatiallyLoaded:1 Bounds:IsValid=true, Min=(X=1280.089 Y=816.608 Z=73.543), Max=(X=1383.267 Y=943.058 Z=154.071) RuntimeGrid:None EditorOnly:0 RuntimeOnly:0 HLODRelevant:1
 |   |   |- [+] [ 28]
 |   |   |   |- Guid:C7E7FAA24ECA7ED4047A688CFEF1872A BaseClass: NativeClass:/Script/Engine.StaticMeshActor Name:StaticMeshActor_UAID_D0C637B53613179901_1081594779 Label:S_Modular_Brick_Stair_xdjmeaidw_lod3_Var3 SpatiallyLoaded:1 Bounds:IsValid=true, Min=(X=1380.089 Y=816.608 Z=143.543), Max=(X=1483.267 Y=943.058 Z=224.071) RuntimeGrid:None EditorOnly:0 RuntimeOnly:0 HLODRelevant:1
 |   |   |- [+] [ 29]
 |   |   |   |- Guid:03DEB6C1415AC434E2EB08970BE939BA BaseClass: NativeClass:/Script/Engine.StaticMeshActor Name:StaticMeshActor_UAID_D0C637B53613179901_1100693780 Label:S_Modular_Brick_Stair_xdjmeaidw_lod3_Var4 SpatiallyLoaded:1 Bounds:IsValid=true, Min=(X=1480.089 Y=816.608 Z=213.543), Max=(X=1583.267 Y=943.058 Z=294.071) RuntimeGrid:None EditorOnly:0 RuntimeOnly:0 HLODRelevant:1
 |   |   |- [+] [ 30]
 |   |   |   |- Guid:FE85DC554165CCBB9C232C8A4499B786 BaseClass: NativeClass:/Script/Engine.StaticMeshActor Name:StaticMeshActor_UAID_D0C637B53613179901_1116912781 Label:S_Modular_Brick_Stair_xdjmeaidw_lod3_Var5 SpatiallyLoaded:1 Bounds:IsValid=true, Min=(X=1580.089 Y=816.608 Z=283.543), Max=(X=1683.267 Y=943.058 Z=364.071) RuntimeGrid:None EditorOnly:0 RuntimeOnly:0 HLODRelevant:1
 |   |   |- [+] [ 31]
 |   |   |   |- Guid:8321DF964A82845DF111C5B475166303 BaseClass: NativeClass:/Script/Engine.StaticMeshActor Name:StaticMeshActor_UAID_D0C637B53613179901_1152783782 Label:S_Modular_Brick_Stair_xdjmeaidw_lod3_Var6 SpatiallyLoaded:1 Bounds:IsValid=true, Min=(X=1680.089 Y=816.608 Z=353.543), Max=(X=1783.267 Y=943.058 Z=434.071) RuntimeGrid:None EditorOnly:0 RuntimeOnly:0 HLODRelevant:1
 |   |   |- [+] [ 32]
 |   |   |   |- Guid:9EA20FB4484D69FC31A0C1B3BFD01B7E BaseClass: NativeClass:/Script/Engine.StaticMeshActor Name:StaticMeshActor_UAID_D0C637B53613179901_1172860783 Label:S_Modular_Brick_Stair_xdjmeaidw_lod3_Var7 SpatiallyLoaded:1 Bounds:IsValid=true, Min=(X=1780.089 Y=816.608 Z=423.543), Max=(X=1883.267 Y=943.058 Z=504.071) RuntimeGrid:None EditorOnly:0 RuntimeOnly:0 HLODRelevant:1
 |   |   |- [+] [ 33]
 |   |   |   |- Guid:1F76BE8C4D4D42BAA69DA69BBDF4EAD1 BaseClass: NativeClass:/Script/Engine.StaticMeshActor Name:StaticMeshActor_UAID_D0C637B53613179901_1179216784 Label:S_Modular_Brick_Stair_xdjmeaidw_lod3_Var8 SpatiallyLoaded:1 Bounds:IsValid=true, Min=(X=1880.089 Y=816.608 Z=493.543), Max=(X=1983.267 Y=943.058 Z=574.071) RuntimeGrid:None EditorOnly:0 RuntimeOnly:0 HLODRelevant:1
 |   |   |- [+] [ 34]
 |   |   |   |- Guid:04D7F2A84EEBDDE648EF1EA2FDC9768E BaseClass: NativeClass:/Script/Engine.StaticMeshActor Name:StaticMeshActor_UAID_D0C637B53613179901_1230207785 Label:S_Modular_Brick_Stair_xdjmeaidw_lod3_Var9 SpatiallyLoaded:1 Bounds:IsValid=true, Min=(X=1980.089 Y=816.608 Z=563.543), Max=(X=2083.267 Y=943.058 Z=644.071) RuntimeGrid:None EditorOnly:0 RuntimeOnly:0 HLODRelevant:1
 |   |   |- [+] [ 35]
 |   |   |   |- Guid:E463924D40887D07E74378BE49648479 BaseClass: NativeClass:/Script/Engine.StaticMeshActor Name:StaticMeshActor_UAID_D0C637B53613179901_1237683786 Label:S_Modular_Brick_Stair_xdjmeaidw_lod3_Var10 SpatiallyLoaded:1 Bounds:IsValid=true, Min=(X=2080.089 Y=816.608 Z=633.543), Max=(X=2183.267 Y=943.058 Z=714.071) RuntimeGrid:None EditorOnly:0 RuntimeOnly:0 HLODRelevant:1
 |   |   |- [+] [ 36]
 |   |   |   |- Guid:E1FFE1EA4E09D3278FFCD08649FC3ABF BaseClass: NativeClass:/Script/Engine.StaticMeshActor Name:StaticMeshActor_UAID_D0C637B53613179901_1302379787 Label:S_Modular_Brick_Stair_xdjmeaidw_lod3_Var11 SpatiallyLoaded:1 Bounds:IsValid=true, Min=(X=2180.089 Y=816.608 Z=703.543), Max=(X=2283.267 Y=943.058 Z=784.071) RuntimeGrid:None EditorOnly:0 RuntimeOnly:0 HLODRelevant:1
 |   |   |- [+] [ 37]
 |   |   |   |- Guid:5E14868F4091E33AD868A79421CE126F BaseClass: NativeClass:/Script/Engine.StaticMeshActor Name:StaticMeshActor_UAID_D0C637B53613179901_1325291788 Label:S_Modular_Brick_Stair_xdjmeaidw_lod3_Var12 SpatiallyLoaded:1 Bounds:IsValid=true, Min=(X=2280.089 Y=816.608 Z=773.543), Max=(X=2383.267 Y=943.058 Z=854.071) RuntimeGrid:None EditorOnly:0 RuntimeOnly:0 HLODRelevant:1
 |   |   |- [+] [ 38]
 |   |   |   |- Guid:D13353B4484D7D686DA1D18F18F4B7F4 BaseClass: NativeClass:/Script/Engine.StaticMeshActor Name:StaticMeshActor_UAID_D0C637B53613179901_1330047789 Label:S_Modular_Brick_Stair_xdjmeaidw_lod3_Var13 SpatiallyLoaded:1 Bounds:IsValid=true, Min=(X=2380.089 Y=816.608 Z=843.543), Max=(X=2483.267 Y=943.058 Z=924.071) RuntimeGrid:None EditorOnly:0 RuntimeOnly:0 HLODRelevant:1
 |   |   |- [+] [ 39]
 |   |   |   |- Guid:D2D4470A43099835BE1B5A9BF188857F BaseClass: NativeClass:/Script/Engine.StaticMeshActor Name:StaticMeshActor_UAID_D0C637B53613179901_1343117790 Label:S_Modular_Brick_Stair_xdjmeaidw_lod3_Var14 SpatiallyLoaded:1 Bounds:IsValid=true, Min=(X=2480.089 Y=816.608 Z=913.543), Max=(X=2583.267 Y=943.058 Z=994.071) RuntimeGrid:None EditorOnly:0 RuntimeOnly:0 HLODRelevant:1
 |- ContainerInstances:
 |- [+] MainContainer:
 |   |-        ID: 0x0000000000000000
 |   |-    Bounds: IsValid=false, Min=(X=0.000 Y=0.000 Z=0.000), Max=(X=0.000 Y=0.000 Z=0.000)
 |   |- Transform: 0.000000,0.000000,0.000000|0.000000,0.000000,-0.000000|1.000000,1.000000,1.000000
 |   |- Container: /Game/FirstPerson/Maps/FirstPersonMap
----------------------------------------------------------------------------------------------------------------
FirstPersonMap - Persistent Level
----------------------------------------------------------------------------------------------------------------
Always loaded Actor Count: 48 

----------------------------------------------------------------------------------------------------------------
FirstPersonMap - Runtime Spatial Hash - Streaming Grid - MainGrid
----------------------------------------------------------------------------------------------------------------
            Origin: X=0.000 Y=0.000 Z=0.000
         Cell Size: 12800
      World Bounds: IsValid=false, Min=(X=0.000 Y=0.000 Z=0.000), Max=(X=0.000 Y=0.000 Z=0.000)
     Loading Range: 25600.00
Block Slow Loading: No
 ClientOnlyVisible: No

[+] Grid Levels: 1
 |- Level  0: Cell Count    0 | Cell Size   12800 | Actor Count    0 (0.0%)

[+] Content of Grid Level 0

